Date:  08.10.2022 01:50:17  |  Не пройдена капча. Указанный код  не соответствует 8se0vW
Date:  08.10.2022 01:50:17  |  Прикреплённый файл paaugstinatas-maksas-pakalpojumu-limits---tele2.png имеет не разрешённый тип.
Date:  08.10.2022 01:50:24  |  Не пройдена капча. Указанный код  не соответствует 8se0vW
Date:  08.10.2022 01:50:24  |  Прикреплённый файл paaugstinatas-maksas-pakalpojumu-limits---tele2.png имеет не разрешённый тип.
Date:  08.10.2022 01:51:18  |  Не пройдена капча. Указанный код  не соответствует 8se0vW
Date:  08.10.2022 01:51:18  |  Прикреплённый файл paaugstinatas-maksas-pakalpojumu-limits---tele2.png имеет не разрешённый тип.
Date:  08.10.2022 01:54:47  |  Не пройдена капча. Указанный код  не соответствует 8se0vW
Date:  08.10.2022 01:55:55  |  Не пройдена капча. Указанный код  не соответствует DLMTip
Date:  08.10.2022 01:55:55  |  Не установлен флажок для поля agree.
Date:  08.10.2022 01:55:59  |  Не пройдена капча. Указанный код  не соответствует DLMTip
Date:  08.10.2022 01:55:59  |  Не установлен флажок для поля agree.
Date:  08.10.2022 01:58:43  |  Не пройдена капча. Указанный код  не соответствует bc3I7G
Date:  08.10.2022 01:58:43  |  Не установлен флажок для поля agree.
Date:  08.10.2022 01:58:57  |  Не пройдена капча. Указанный код  не соответствует bc3I7G
Date:  08.10.2022 01:58:57  |  Не установлен флажок для поля agree.
Date:  08.10.2022 01:59:10  |  Не пройдена капча. Указанный код  не соответствует bc3I7G
Date:  08.10.2022 01:59:10  |  Не установлен флажок для поля agree.
Date:  08.10.2022 01:59:13  |  Не пройдена капча. Указанный код  не соответствует bc3I7G
Date:  08.10.2022 01:59:13  |  Не установлен флажок для поля agree.
Date:  08.10.2022 01:59:24  |  Не установлен флажок для поля agree.
Date:  08.10.2022 01:59:32  |  Форма успешно отправлена.
Date:  08.10.2022 01:59:47  |  Форма успешно отправлена.
Date:  08.10.2022 02:01:50  |  Форма успешно отправлена.
Date:  08.10.2022 02:02:01  |  Не установлен флажок для поля agree.
Date:  08.10.2022 02:05:41  |  Не пройдена капча. Указанный код  не соответствует DnclxE
Date:  08.10.2022 02:05:56  |  Не пройдена капча. Указанный код  не соответствует DnclxE
Date:  08.10.2022 02:08:25  |  Не пройдена капча. Указанный код  не соответствует 9CoSuW
Date:  08.10.2022 02:08:34  |  Не пройдена капча. Указанный код  не соответствует oqbwy7
Date:  08.10.2022 02:10:19  |  Не пройдена капча. Указанный код  не соответствует oka0WH
Date:  08.10.2022 02:11:44  |  Форма успешно отправлена.
Date:  08.10.2022 02:12:07  |  Форма успешно отправлена.
Date:  08.10.2022 02:13:36  |  Форма успешно отправлена.
Date:  08.10.2022 02:13:45  |  Форма успешно отправлена.
Date:  08.10.2022 02:15:06  |  Форма успешно отправлена.
Date:  08.10.2022 02:15:15  |  Форма успешно отправлена.
Date:  08.10.2022 02:17:22  |  Форма успешно отправлена.
