Date:  09.10.2022 08:16:01  |  Форма успешно отправлена.
Date:  09.10.2022 08:29:15  |  Форма успешно отправлена.
Date:  09.10.2022 08:32:04  |  Форма успешно отправлена.SMTP connect() failed. https://github.com/PHPMailer/PHPMailer/wiki/Troubleshooting
Date:  09.10.2022 08:34:05  |  Форма успешно отправлена.SMTP connect() failed. https://github.com/PHPMailer/PHPMailer/wiki/Troubleshooting
Date:  09.10.2022 09:04:26  |  Форма успешно отправлена.
Date:  09.10.2022 09:06:51  |  Форма успешно отправлена.
Date:  09.10.2022 09:22:02  |  Форма успешно отправлена.
Date:  09.10.2022 09:23:56  |  Прикреплённый файл auae.php имеет не разрешённый тип.
Date:  09.10.2022 09:24:00  |  Прикреплённый файл auae.php имеет не разрешённый тип.
Date:  09.10.2022 09:24:32  |  Прикреплённый файл  №5 ТЗ_к ГК 2021.013.docx имеет не разрешённый тип.
Date:  09.10.2022 09:24:46  |  Форма успешно отправлена.
Date:  09.10.2022 09:31:22  |  Прикреплённый файл  2 к МК 217.docx имеет не разрешённый тип.
Date:  09.10.2022 09:31:49  |  Прикреплённый файл  2 к МК 217.docx имеет не разрешённый тип.
Date:  09.10.2022 09:33:12  |  Прикреплённый файл  2 к МК 217.docx имеет не разрешённый тип.
Date:  09.10.2022 09:33:31  |  Прикреплённый файл  2 к МК 217.docx имеет не разрешённый тип.
Date:  09.10.2022 09:33:31  |  Прикреплённый файл  №5 ТЗ_к ГК 2021.013.docx имеет не разрешённый тип.
Date:  09.10.2022 09:35:15  |  Прикреплённый файл  2 к МК 217.docx имеет не разрешённый тип.
Date:  09.10.2022 09:35:15  |  Прикреплённый файл  №5 ТЗ_к ГК 2021.013.docx имеет не разрешённый тип.
Date:  09.10.2022 09:35:37  |  Прикреплённый файл  2 к МК 217.docx имеет не разрешённый тип.
Date:  09.10.2022 10:05:51  |  Форма успешно отправлена.
Date:  09.10.2022 10:07:03  |  Не пройдена капча. Указанный код  не соответствует Y7cFmd
Date:  09.10.2022 10:07:03  |  Прикреплённый файл index.php имеет не разрешённый тип.
Date:  09.10.2022 10:07:18  |  Прикреплённый файл index.php имеет не разрешённый тип.
Date:  09.10.2022 10:07:23  |  Форма успешно отправлена.
Date:  09.10.2022 10:15:16  |  Форма успешно отправлена.
Date:  09.10.2022 10:21:12  |  Не пройдена капча. Указанный код  не соответствует vyG5lX
Date:  09.10.2022 10:21:25  |  Форма успешно отправлена.
Date:  09.10.2022 10:25:42  |  Форма успешно отправлена.
